[debug] [2022-04-04T18:58:45.267Z] ----------------------------------------------------------------------
[debug] [2022-04-04T18:58:45.270Z] Command:       C:\Program Files\nodejs\node.exe C:\Users\customer1\AppData\Roaming\npm\node_modules\firebase-tools\lib\bin\firebase.js init
[debug] [2022-04-04T18:58:45.272Z] CLI Version:   10.2.0
[debug] [2022-04-04T18:58:45.272Z] Platform:      win32
[debug] [2022-04-04T18:58:45.272Z] Node Version:  v16.13.1
[debug] [2022-04-04T18:58:45.409Z] Time:          Mon Apr 04 2022 19:58:45 GMT+0100 (British Summer Time)
[debug] [2022-04-04T18:58:45.410Z] ----------------------------------------------------------------------
[debug] 
[debug] [2022-04-04T18:58:45.423Z] >>> [apiv2][query] GET https://firebase-public.firebaseio.com/cli.json [none]
[debug] [2022-04-04T18:58:45.640Z] > command requires scopes: ["email","openid","https://www.googleapis.com/auth/cloudplatformprojects.readonly","https://www.googleapis.com/auth/firebase","https://www.googleapis.com/auth/cloud-platform"]
[debug] [2022-04-04T18:58:45.640Z] > authorizing via signed-in user (michaeltennyson1221@gmail.com)
[info] 
     ######## #### ########  ######## ########     ###     ######  ########
     ##        ##  ##     ## ##       ##     ##  ##   ##  ##       ##
     ######    ##  ########  ######   ########  #########  ######  ######
     ##        ##  ##    ##  ##       ##     ## ##     ##       ## ##
     ##       #### ##     ## ######## ########  ##     ##  ######  ########

You're about to initialize a Firebase project in this directory:

  F:\app\client\my_app

Before we get started, keep in mind:

  * You are initializing within an existing Firebase project directory

[debug] [2022-04-04T18:58:46.115Z] <<< [apiv2][status] GET https://firebase-public.firebaseio.com/cli.json 200
[debug] [2022-04-04T18:58:46.116Z] <<< [apiv2][body] GET https://firebase-public.firebaseio.com/cli.json {"cloudBuildErrorAfter":1594252800000,"cloudBuildWarnAfter":1590019200000,"defaultNode10After":1594252800000,"minVersion":"3.0.5","node8DeploysDisabledAfter":1613390400000,"node8RuntimeDisabledAfter":1615809600000,"node8WarnAfter":1600128000000}
